  tank.cpp
  shell.cpp
  playerTank.cpp
  obstacle.cpp
  main.cpp
  game.cpp
c:\users\luke hurley\desktop\tankwar-cw update\src\game.cpp(470): warning C4996: 'sf::Text::setColor': was declared deprecated
  c:\users\luke hurley\desktop\tankwar-cw update\sfml-2.4.1\include\sfml\graphics\text.hpp(177): note: see declaration of 'sf::Text::setColor'
c:\users\luke hurley\desktop\tankwar-cw update\src\game.cpp(483): warning C4474: 'sprintf_s' : too many arguments passed for format string
  c:\users\luke hurley\desktop\tankwar-cw update\src\game.cpp(483): note: placeholders and their parameters expect 0 variadic arguments, but 1 were provided
c:\users\luke hurley\desktop\tankwar-cw update\src\game.cpp(490): warning C4474: 'sprintf_s' : too many arguments passed for format string
  c:\users\luke hurley\desktop\tankwar-cw update\src\game.cpp(490): note: placeholders and their parameters expect 0 variadic arguments, but 1 were provided
c:\users\luke hurley\desktop\tankwar-cw update\src\game.cpp(495): warning C4474: 'sprintf_s' : too many arguments passed for format string
  c:\users\luke hurley\desktop\tankwar-cw update\src\game.cpp(495): note: placeholders and their parameters expect 0 variadic arguments, but 1 were provided
c:\users\luke hurley\desktop\tankwar-cw update\src\game.cpp(500): warning C4474: 'sprintf_s' : too many arguments passed for format string
  c:\users\luke hurley\desktop\tankwar-cw update\src\game.cpp(500): note: placeholders and their parameters expect 0 variadic arguments, but 1 were provided
  DumbTank.cpp
  boundingBox.cpp
  aitank.cpp
  Generating Code...
  tankwar.vcxproj -> C:\Users\Luke Hurley\Desktop\tankwar-CW Update\Debug\tankwar.exe
  tankwar.vcxproj -> C:\Users\Luke Hurley\Desktop\tankwar-CW Update\Debug\tankwar.pdb (Full PDB)
